[0.115s] Invoking command in '/home/varun/ros2workspace/build/my_robot_interfaces': CMAKE_PREFIX_PATH=${CMAKE_PREFIX_PATH}:/home/varun/ros2workspace/install/my_pkgpy:/home/varun/ros2_ws/install/my_py_pkg:/opt/ros/humble /usr/bin/cmake --build /home/varun/ros2workspace/build/my_robot_interfaces -- -j12 -l12
[0.156s] -- Found ament_cmake: 1.3.6 (/opt/ros/humble/share/ament_cmake/cmake)
[0.349s] -- Found rosidl_default_generators: 1.2.0 (/opt/ros/humble/share/rosidl_default_generators/cmake)
[0.352s] -- Using all available rosidl_typesupport_c: rosidl_typesupport_fastrtps_c;rosidl_typesupport_introspection_c
[0.356s] -- Found rosidl_adapter: 3.1.5 (/opt/ros/humble/share/rosidl_adapter/cmake)
[0.409s] -- Using all available rosidl_typesupport_cpp: rosidl_typesupport_fastrtps_cpp;rosidl_typesupport_introspection_cpp
[0.667s] [31mCMake Error at /opt/ros/humble/share/rosidl_adapter/cmake/rosidl_adapt_interfaces.cmake:59 (message):
[0.667s]   execute_process(/usr/bin/python3.10 -m rosidl_adapter --package-name
[0.667s]   my_robot_interfaces --arguments-file
[0.667s]   /home/varun/ros2workspace/build/my_robot_interfaces/rosidl_adapter__arguments__my_robot_interfaces.json
[0.668s]   --output-dir
[0.668s]   /home/varun/ros2workspace/build/my_robot_interfaces/rosidl_adapter/my_robot_interfaces
[0.668s]   --output-file
[0.668s]   /home/varun/ros2workspace/build/my_robot_interfaces/rosidl_adapter/my_robot_interfaces.idls)
[0.668s]   returned error code 1:
[0.668s] 
[0.668s]   Error processing 'boolean success' of
[0.668s]   'my_robot_interfaces/SetLed_Response': ''boolean' is an invalid message
[0.668s]   name.  It should have the pattern '^[A-Z][A-Za-z0-9]*$''
[0.669s] 
[0.669s]   Traceback (most recent call last):
[0.669s] 
[0.669s]     File "/usr/lib/python3.10/runpy.py", line 196, in _run_module_as_main
[0.669s]       return _run_code(code, main_globals, None,
[0.669s]     File "/usr/lib/python3.10/runpy.py", line 86, in _run_code
[0.669s]       exec(code, run_globals)
[0.669s]     File "/opt/ros/humble/local/lib/python3.10/dist-packages/rosidl_adapter/__main__.py", line 19, in <module>
[0.669s]       sys.exit(main())
[0.669s]     File "/opt/ros/humble/local/lib/python3.10/dist-packages/rosidl_adapter/main.py", line 53, in main
[0.669s]       abs_idl_file = convert_to_idl(
[0.669s]     File "/opt/ros/humble/local/lib/python3.10/dist-packages/rosidl_adapter/__init__.py", line 24, in convert_to_idl
[0.669s]       return convert_srv_to_idl(
[0.670s]     File "/opt/ros/humble/local/lib/python3.10/dist-packages/rosidl_adapter/srv/__init__.py", line 28, in convert_srv_to_idl
[0.670s]       srv = parse_service_string(package_name, input_file.stem, content)
[0.670s]     File "/opt/ros/humble/local/lib/python3.10/dist-packages/rosidl_adapter/parser.py", line 863, in parse_service_string
[0.670s]       response_message = parse_message_string(
[0.670s]     File "/opt/ros/humble/local/lib/python3.10/dist-packages/rosidl_adapter/parser.py", line 520, in parse_message_string
[0.670s]       Type(type_string, context_package_name=pkg_name),
[0.670s]     File "/opt/ros/humble/local/lib/python3.10/dist-packages/rosidl_adapter/parser.py", line 277, in __init__
[0.670s]       super(Type, self).__init__(
[0.670s]     File "/opt/ros/humble/local/lib/python3.10/dist-packages/rosidl_adapter/parser.py", line 205, in __init__
[0.670s]       raise InvalidResourceName(
[0.670s] 
[0.670s]   rosidl_adapter.parser.InvalidResourceName: 'boolean' is an invalid message
[0.670s]   name.  It should have the pattern '^[A-Z][A-Za-z0-9]*$'
[0.671s] 
[0.671s] Call Stack (most recent call first):
[0.671s]   /opt/ros/humble/share/rosidl_cmake/cmake/rosidl_generate_interfaces.cmake:130 (rosidl_adapt_interfaces)
[0.671s]   CMakeLists.txt:15 (rosidl_generate_interfaces)
[0.671s] 
[0.671s] [0m
[0.671s] -- Configuring incomplete, errors occurred!
[0.671s] See also "/home/varun/ros2workspace/build/my_robot_interfaces/CMakeFiles/CMakeOutput.log".
[0.673s] gmake: *** [Makefile:1179: cmake_check_build_system] Error 1
[0.676s] Invoked command in '/home/varun/ros2workspace/build/my_robot_interfaces' returned '2': CMAKE_PREFIX_PATH=${CMAKE_PREFIX_PATH}:/home/varun/ros2workspace/install/my_pkgpy:/home/varun/ros2_ws/install/my_py_pkg:/opt/ros/humble /usr/bin/cmake --build /home/varun/ros2workspace/build/my_robot_interfaces -- -j12 -l12
